<?xml version="1.0" encoding="UTF-8"?>
<!-- Generated by org.testng.reporters.JUnitXMLReporter -->
<testsuite ignored="0" hostname="CTC-LAPT-116" failures="0" tests="6" name="Default test" time="45.345" errors="0" timestamp="2025-10-07T13:23:52 ICT">
  <testcase classname="tests.LoginTest" name="testLoginCSV" time="1.172"/>
  <testcase classname="tests.LoginTest" name="testLoginCSV" time="1.22"/>
  <testcase classname="tests.LoginTest" name="testLoginExcel" time="1.03"/>
  <testcase classname="tests.LoginTest" name="testLoginExcel" time="0.983"/>
  <testcase classname="tests.LoginTest" name="testLoginJSON" time="1.102"/>
  <testcase classname="tests.LoginTest" name="testLoginJSON" time="0.99"/>
</testsuite> <!-- Default test -->
