<?xml version="1.0" encoding="UTF-8"?>
<!-- Generated by org.testng.reporters.JUnitXMLReporter -->
<testsuite ignored="0" hostname="CTC-LAPT-116" failures="0" tests="13" name="Test" time="47.264" errors="0" timestamp="2025-10-10T10:50:46 ICT">
  <testcase classname="tests.HoversTest" name="testHoverOverFirstFigure" time="7.446"/>
  <testcase classname="tests.LoginTest" name="testLoginCSV" time="1.154"/>
  <testcase classname="tests.DragAndDropTest" name="testDragAndDrop" time="13.069"/>
  <testcase classname="tests.LoginTest" name="testLoginCSV" time="13.217"/>
  <testcase classname="tests.HoversTest" name="testHoverOverSecondFigure" time="4.112"/>
  <testcase classname="tests.DropdownTest" name="testSelectOption1" time="2.492"/>
  <testcase classname="tests.LoginTest" name="testLoginExcel" time="4.804"/>
  <testcase classname="tests.LoginTest" name="testLoginExcel" time="4.545"/>
  <testcase classname="tests.HoversTest" name="testHoverOverThirdFigure" time="0.821"/>
  <testcase classname="tests.InfiniteScrollTest" name="testInfiniteScrollLoadsMoreContent" time="27.81"/>
  <testcase classname="tests.DropdownTest" name="testSelectOption2" time="0.568"/>
  <testcase classname="tests.LoginTest" name="testLoginJSON" time="1.046"/>
  <testcase classname="tests.LoginTest" name="testLoginJSON" time="0.97"/>
</testsuite> <!-- Test -->
