<?xml version="1.0" encoding="UTF-8"?>
<!-- Generated by org.testng.reporters.JUnitXMLReporter -->
<testsuite ignored="0" hostname="CTC-LAPT-116" failures="0" tests="6" name="Test" time="41.946" errors="0" timestamp="2025-10-06T10:35:09 ICT">
  <testcase classname="tests.LoginTest" name="testLoginCSV" time="1.039"/>
  <testcase classname="tests.LoginTest" name="testLoginCSV" time="0.981"/>
  <testcase classname="tests.LoginTest" name="testLoginExcel" time="0.905"/>
  <testcase classname="tests.LoginTest" name="testLoginExcel" time="3.724"/>
  <testcase classname="tests.LoginTest" name="testLoginJSON" time="1.085"/>
  <testcase classname="tests.LoginTest" name="testLoginJSON" time="0.93"/>
</testsuite> <!-- Test -->
