<?xml version="1.0" encoding="UTF-8"?>
<testng-results ignored="0" total="13" passed="13" failed="0" skipped="0">
  <reporter-output>
  </reporter-output>
  <suite started-at="2025-10-30T09:23:10 GMT+07:00" name="Suite" finished-at="2025-10-30T09:24:23 GMT+07:00" duration-ms="72494">
    <groups>
    </groups>
    <test started-at="2025-10-30T09:23:10 GMT+07:00" name="Test" finished-at="2025-10-30T09:24:23 GMT+07:00" duration-ms="72494">
      <class name="tests.LoginTest">
        <test-method is-config="true" signature="setUp()[pri:0, instance:tests.LoginTest@79517588]" started-at="2025-10-30T09:23:10 GMT+07:00" name="setUp" finished-at="2025-10-30T09:23:49 GMT+07:00" duration-ms="38939" status="PASS">
          <reporter-output>
          </reporter-output>
        </test-method> <!-- setUp -->
        <test-method is-config="true" signature="setUp()[pri:0, instance:tests.LoginTest@79517588]" started-at="2025-10-30T09:23:10 GMT+07:00" name="setUp" finished-at="2025-10-30T09:23:44 GMT+07:00" duration-ms="33657" status="PASS">
          <reporter-output>
          </reporter-output>
        </test-method> <!-- setUp -->
        <test-method signature="testLoginCSV([Ljava.lang.String;)[pri:0, instance:tests.LoginTest@79517588]" started-at="2025-10-30T09:23:44 GMT+07:00" name="testLoginCSV" data-provider="csvData" finished-at="2025-10-30T09:23:46 GMT+07:00" duration-ms="1868" status="PASS">
          <params>
            <param index="0">
              <value>
                <![CDATA[[Ljava.lang.String;@7072bc39]]>
              </value>
            </param>
          </params>
          <reporter-output>
          </reporter-output>
        </test-method> <!-- testLoginCSV -->
        <test-method is-config="true" signature="tearDown()[pri:0, instance:tests.LoginTest@79517588]" started-at="2025-10-30T09:23:46 GMT+07:00" name="tearDown" finished-at="2025-10-30T09:23:46 GMT+07:00" duration-ms="238" status="PASS">
          <reporter-output>
          </reporter-output>
        </test-method> <!-- tearDown -->
        <test-method signature="testLoginCSV([Ljava.lang.String;)[pri:0, instance:tests.LoginTest@79517588]" started-at="2025-10-30T09:23:49 GMT+07:00" name="testLoginCSV" data-provider="csvData" finished-at="2025-10-30T09:23:51 GMT+07:00" duration-ms="1208" status="PASS">
          <params>
            <param index="0">
              <value>
                <![CDATA[[Ljava.lang.String;@5149f008]]>
              </value>
            </param>
          </params>
          <reporter-output>
          </reporter-output>
        </test-method> <!-- testLoginCSV -->
        <test-method is-config="true" signature="tearDown()[pri:0, instance:tests.LoginTest@79517588]" started-at="2025-10-30T09:23:51 GMT+07:00" name="tearDown" finished-at="2025-10-30T09:23:52 GMT+07:00" duration-ms="1289" status="PASS">
          <reporter-output>
          </reporter-output>
        </test-method> <!-- tearDown -->
        <test-method is-config="true" signature="setUp()[pri:0, instance:tests.LoginTest@79517588]" started-at="2025-10-30T09:23:53 GMT+07:00" name="setUp" finished-at="2025-10-30T09:23:58 GMT+07:00" duration-ms="4779" status="PASS">
          <reporter-output>
          </reporter-output>
        </test-method> <!-- setUp -->
        <test-method is-config="true" signature="setUp()[pri:0, instance:tests.LoginTest@79517588]" started-at="2025-10-30T09:23:53 GMT+07:00" name="setUp" finished-at="2025-10-30T09:23:57 GMT+07:00" duration-ms="3832" status="PASS">
          <reporter-output>
          </reporter-output>
        </test-method> <!-- setUp -->
        <test-method signature="testLoginExcel(java.util.Map)[pri:0, instance:tests.LoginTest@79517588]" started-at="2025-10-30T09:23:57 GMT+07:00" name="testLoginExcel" data-provider="excelData" finished-at="2025-10-30T09:24:01 GMT+07:00" duration-ms="4028" status="PASS">
          <params>
            <param index="0">
              <value>
                <![CDATA[{password=wrong, expected=Your username, username=invalid}]]>
              </value>
            </param>
          </params>
          <reporter-output>
          </reporter-output>
        </test-method> <!-- testLoginExcel -->
        <test-method signature="testLoginExcel(java.util.Map)[pri:0, instance:tests.LoginTest@79517588]" started-at="2025-10-30T09:23:58 GMT+07:00" name="testLoginExcel" data-provider="excelData" finished-at="2025-10-30T09:24:03 GMT+07:00" duration-ms="4693" status="PASS">
          <params>
            <param index="0">
              <value>
                <![CDATA[{password=SuperSecretPassword!, expected=You logged into, username=tomsmith}]]>
              </value>
            </param>
          </params>
          <reporter-output>
          </reporter-output>
        </test-method> <!-- testLoginExcel -->
        <test-method is-config="true" signature="tearDown()[pri:0, instance:tests.LoginTest@79517588]" started-at="2025-10-30T09:24:01 GMT+07:00" name="tearDown" finished-at="2025-10-30T09:24:01 GMT+07:00" duration-ms="252" status="PASS">
          <reporter-output>
          </reporter-output>
        </test-method> <!-- tearDown -->
        <test-method is-config="true" signature="tearDown()[pri:0, instance:tests.LoginTest@79517588]" started-at="2025-10-30T09:24:03 GMT+07:00" name="tearDown" finished-at="2025-10-30T09:24:03 GMT+07:00" duration-ms="242" status="PASS">
          <reporter-output>
          </reporter-output>
        </test-method> <!-- tearDown -->
        <test-method is-config="true" signature="setUp()[pri:0, instance:tests.LoginTest@79517588]" started-at="2025-10-30T09:24:03 GMT+07:00" name="setUp" finished-at="2025-10-30T09:24:09 GMT+07:00" duration-ms="5636" status="PASS">
          <reporter-output>
          </reporter-output>
        </test-method> <!-- setUp -->
        <test-method is-config="true" signature="setUp()[pri:0, instance:tests.LoginTest@79517588]" started-at="2025-10-30T09:24:03 GMT+07:00" name="setUp" finished-at="2025-10-30T09:24:09 GMT+07:00" duration-ms="5724" status="PASS">
          <reporter-output>
          </reporter-output>
        </test-method> <!-- setUp -->
        <test-method signature="testLoginJSON(java.util.Map)[pri:0, instance:tests.LoginTest@79517588]" started-at="2025-10-30T09:24:09 GMT+07:00" name="testLoginJSON" data-provider="jsonData" finished-at="2025-10-30T09:24:10 GMT+07:00" duration-ms="1106" status="PASS">
          <params>
            <param index="0">
              <value>
                <![CDATA[{username=tomsmith, password=SuperSecretPassword!, expected=You logged into}]]>
              </value>
            </param>
          </params>
          <reporter-output>
          </reporter-output>
        </test-method> <!-- testLoginJSON -->
        <test-method signature="testLoginJSON(java.util.Map)[pri:0, instance:tests.LoginTest@79517588]" started-at="2025-10-30T09:24:09 GMT+07:00" name="testLoginJSON" data-provider="jsonData" finished-at="2025-10-30T09:24:10 GMT+07:00" duration-ms="1106" status="PASS">
          <params>
            <param index="0">
              <value>
                <![CDATA[{username=invalid, password=wrong, expected=Your username}]]>
              </value>
            </param>
          </params>
          <reporter-output>
          </reporter-output>
        </test-method> <!-- testLoginJSON -->
        <test-method is-config="true" signature="tearDown()[pri:0, instance:tests.LoginTest@79517588]" started-at="2025-10-30T09:24:10 GMT+07:00" name="tearDown" finished-at="2025-10-30T09:24:10 GMT+07:00" duration-ms="253" status="PASS">
          <reporter-output>
          </reporter-output>
        </test-method> <!-- tearDown -->
        <test-method is-config="true" signature="tearDown()[pri:0, instance:tests.LoginTest@79517588]" started-at="2025-10-30T09:24:10 GMT+07:00" name="tearDown" finished-at="2025-10-30T09:24:10 GMT+07:00" duration-ms="243" status="PASS">
          <reporter-output>
          </reporter-output>
        </test-method> <!-- tearDown -->
      </class> <!-- tests.LoginTest -->
      <class name="tests.InfiniteScrollTest">
        <test-method is-config="true" signature="setUp()[pri:0, instance:tests.InfiniteScrollTest@2250b9f2]" started-at="2025-10-30T09:23:10 GMT+07:00" name="setUp" finished-at="2025-10-30T09:23:54 GMT+07:00" duration-ms="43990" status="PASS">
          <reporter-output>
          </reporter-output>
        </test-method> <!-- setUp -->
        <test-method signature="testInfiniteScrollLoadsMoreContent()[pri:0, instance:tests.InfiniteScrollTest@2250b9f2]" started-at="2025-10-30T09:23:54 GMT+07:00" name="testInfiniteScrollLoadsMoreContent" finished-at="2025-10-30T09:24:23 GMT+07:00" duration-ms="28165" status="PASS">
          <reporter-output>
          </reporter-output>
        </test-method> <!-- testInfiniteScrollLoadsMoreContent -->
        <test-method is-config="true" signature="tearDown()[pri:0, instance:tests.InfiniteScrollTest@2250b9f2]" started-at="2025-10-30T09:24:23 GMT+07:00" name="tearDown" finished-at="2025-10-30T09:24:23 GMT+07:00" duration-ms="264" status="PASS">
          <reporter-output>
          </reporter-output>
        </test-method> <!-- tearDown -->
      </class> <!-- tests.InfiniteScrollTest -->
      <class name="tests.DragAndDropTest">
        <test-method is-config="true" signature="setUp()[pri:0, instance:tests.DragAndDropTest@70f59913]" started-at="2025-10-30T09:23:10 GMT+07:00" name="setUp" finished-at="2025-10-30T09:23:49 GMT+07:00" duration-ms="38969" status="PASS">
          <reporter-output>
          </reporter-output>
        </test-method> <!-- setUp -->
        <test-method signature="testDragAndDrop()[pri:0, instance:tests.DragAndDropTest@70f59913]" started-at="2025-10-30T09:23:49 GMT+07:00" name="testDragAndDrop" finished-at="2025-10-30T09:23:57 GMT+07:00" duration-ms="7340" status="PASS">
          <reporter-output>
          </reporter-output>
        </test-method> <!-- testDragAndDrop -->
        <test-method is-config="true" signature="tearDown()[pri:0, instance:tests.DragAndDropTest@70f59913]" started-at="2025-10-30T09:23:57 GMT+07:00" name="tearDown" finished-at="2025-10-30T09:23:58 GMT+07:00" duration-ms="1583" status="PASS">
          <reporter-output>
          </reporter-output>
        </test-method> <!-- tearDown -->
      </class> <!-- tests.DragAndDropTest -->
      <class name="tests.HoversTest">
        <test-method is-config="true" signature="setUp()[pri:0, instance:tests.HoversTest@5dcd8c7a]" started-at="2025-10-30T09:23:10 GMT+07:00" name="setUp" finished-at="2025-10-30T09:23:52 GMT+07:00" duration-ms="41790" status="PASS">
          <reporter-output>
          </reporter-output>
        </test-method> <!-- setUp -->
        <test-method signature="testHoverOverFirstFigure()[pri:0, instance:tests.HoversTest@5dcd8c7a]" started-at="2025-10-30T09:23:52 GMT+07:00" name="testHoverOverFirstFigure" finished-at="2025-10-30T09:23:54 GMT+07:00" duration-ms="1616" status="PASS">
          <reporter-output>
          </reporter-output>
        </test-method> <!-- testHoverOverFirstFigure -->
        <test-method is-config="true" signature="tearDown()[pri:0, instance:tests.HoversTest@5dcd8c7a]" started-at="2025-10-30T09:23:54 GMT+07:00" name="tearDown" finished-at="2025-10-30T09:23:58 GMT+07:00" duration-ms="4394" status="PASS">
          <reporter-output>
          </reporter-output>
        </test-method> <!-- tearDown -->
        <test-method is-config="true" signature="setUp()[pri:0, instance:tests.HoversTest@5dcd8c7a]" started-at="2025-10-30T09:23:58 GMT+07:00" name="setUp" finished-at="2025-10-30T09:24:04 GMT+07:00" duration-ms="6092" status="PASS">
          <reporter-output>
          </reporter-output>
        </test-method> <!-- setUp -->
        <test-method signature="testHoverOverSecondFigure()[pri:0, instance:tests.HoversTest@5dcd8c7a]" started-at="2025-10-30T09:24:04 GMT+07:00" name="testHoverOverSecondFigure" finished-at="2025-10-30T09:24:06 GMT+07:00" duration-ms="1341" status="PASS">
          <reporter-output>
          </reporter-output>
        </test-method> <!-- testHoverOverSecondFigure -->
        <test-method is-config="true" signature="tearDown()[pri:0, instance:tests.HoversTest@5dcd8c7a]" started-at="2025-10-30T09:24:06 GMT+07:00" name="tearDown" finished-at="2025-10-30T09:24:06 GMT+07:00" duration-ms="265" status="PASS">
          <reporter-output>
          </reporter-output>
        </test-method> <!-- tearDown -->
        <test-method is-config="true" signature="setUp()[pri:0, instance:tests.HoversTest@5dcd8c7a]" started-at="2025-10-30T09:24:06 GMT+07:00" name="setUp" finished-at="2025-10-30T09:24:12 GMT+07:00" duration-ms="6019" status="PASS">
          <reporter-output>
          </reporter-output>
        </test-method> <!-- setUp -->
        <test-method signature="testHoverOverThirdFigure()[pri:0, instance:tests.HoversTest@5dcd8c7a]" started-at="2025-10-30T09:24:12 GMT+07:00" name="testHoverOverThirdFigure" finished-at="2025-10-30T09:24:13 GMT+07:00" duration-ms="947" status="PASS">
          <reporter-output>
          </reporter-output>
        </test-method> <!-- testHoverOverThirdFigure -->
        <test-method is-config="true" signature="tearDown()[pri:0, instance:tests.HoversTest@5dcd8c7a]" started-at="2025-10-30T09:24:13 GMT+07:00" name="tearDown" finished-at="2025-10-30T09:24:13 GMT+07:00" duration-ms="196" status="PASS">
          <reporter-output>
          </reporter-output>
        </test-method> <!-- tearDown -->
      </class> <!-- tests.HoversTest -->
      <class name="tests.DropdownTest">
        <test-method is-config="true" signature="setUp()[pri:0, instance:tests.DropdownTest@77258e59]" started-at="2025-10-30T09:23:10 GMT+07:00" name="setUp" finished-at="2025-10-30T09:23:49 GMT+07:00" duration-ms="38850" status="PASS">
          <reporter-output>
          </reporter-output>
        </test-method> <!-- setUp -->
        <test-method signature="testSelectOption1()[pri:0, instance:tests.DropdownTest@77258e59]" started-at="2025-10-30T09:23:49 GMT+07:00" name="testSelectOption1" finished-at="2025-10-30T09:23:50 GMT+07:00" duration-ms="706" status="PASS">
          <reporter-output>
          </reporter-output>
        </test-method> <!-- testSelectOption1 -->
        <test-method is-config="true" signature="tearDown()[pri:0, instance:tests.DropdownTest@77258e59]" started-at="2025-10-30T09:23:50 GMT+07:00" name="tearDown" finished-at="2025-10-30T09:23:50 GMT+07:00" duration-ms="215" status="PASS">
          <reporter-output>
          </reporter-output>
        </test-method> <!-- tearDown -->
        <test-method is-config="true" signature="setUp()[pri:0, instance:tests.DropdownTest@77258e59]" started-at="2025-10-30T09:23:50 GMT+07:00" name="setUp" finished-at="2025-10-30T09:23:57 GMT+07:00" duration-ms="6434" status="PASS">
          <reporter-output>
          </reporter-output>
        </test-method> <!-- setUp -->
        <test-method signature="testSelectOption2()[pri:0, instance:tests.DropdownTest@77258e59]" started-at="2025-10-30T09:23:57 GMT+07:00" name="testSelectOption2" finished-at="2025-10-30T09:23:58 GMT+07:00" duration-ms="1176" status="PASS">
          <reporter-output>
          </reporter-output>
        </test-method> <!-- testSelectOption2 -->
        <test-method is-config="true" signature="tearDown()[pri:0, instance:tests.DropdownTest@77258e59]" started-at="2025-10-30T09:23:58 GMT+07:00" name="tearDown" finished-at="2025-10-30T09:23:58 GMT+07:00" duration-ms="681" status="PASS">
          <reporter-output>
          </reporter-output>
        </test-method> <!-- tearDown -->
      </class> <!-- tests.DropdownTest -->
    </test> <!-- Test -->
  </suite> <!-- Suite -->
</testng-results>
